#
# There is insufficient memory for the Java Runtime Environment to continue.
# Native memory allocation (mmap) failed to map 134217728 bytes for Failed to commit area from 0x0000000081c00000 to 0x0000000089c00000 of length 134217728.
# Possible reasons:
#   The system is out of physical RAM or swap space
#   The process is running with CompressedOops enabled, and the Java Heap may be blocking the growth of the native heap
# Possible solutions:
#   Reduce memory load on the system
#   Increase physical memory or swap space
#   Check if swap backing store is full
#   Decrease Java heap size (-Xmx/-Xms)
#   Decrease number of Java threads
#   Decrease Java thread stack sizes (-Xss)
#   Set larger code cache with -XX:ReservedCodeCacheSize=
# This output file may be truncated or incomplete.
#
#  Out of Memory Error (t:/workspace/open/src/hotspot/os/windows/os_windows.cpp:3269), pid=15928, tid=7612
#
# JRE version:  (11.0.1+13) (build )
# Java VM: Java HotSpot(TM) 64-Bit Server VM (11.0.1+13-LTS, mixed mode, aot, sharing, tiered, compressed oops, g1 gc, windows-amd64)
# No core dump will be written. Minidumps are not enabled by default on client versions of Windows
#

---------------  S U M M A R Y ------------

Command Line: -Dclassworlds.conf=C:\Program Files\apache-maven-3.6.3-bin\bin\..\bin\m2.conf -Dmaven.home=C:\Program Files\apache-maven-3.6.3-bin\bin\.. -Dlibrary.jansi.path=C:\Program Files\apache-maven-3.6.3-bin\bin\..\lib\jansi-native -Dmaven.multiModuleProjectDirectory=C:\Users\johar\Desktop\Backend\proman1 org.codehaus.plexus.classworlds.launcher.Launcher install -DskipTests

Host: Intel(R) Core(TM) i7-7700HQ CPU @ 2.80GHz, 8 cores, 7G,  Windows 10 , 64 bit Build 18362 (10.0.18362.778)
Time: Sat Apr 18 18:04:27 2020 India Standard Time elapsed time: 0 seconds (0d 0h 0m 0s)

---------------  T H R E A D  ---------------

Current thread (0x00000144c7706800):  JavaThread "Unknown thread" [_thread_in_vm, id=7612, stack(0x0000002e48500000,0x0000002e48600000)]

Stack: [0x0000002e48500000,0x0000002e48600000]
Native frames: (J=compiled Java code, j=interpreted, Vv=VM code, C=native code)
V  [jvm.dll+0x63c21a]
V  [jvm.dll+0x7797df]
V  [jvm.dll+0x77adca]
V  [jvm.dll+0x77b483]
V  [jvm.dll+0x2627f8]
V  [jvm.dll+0x6396ca]
V  [jvm.dll+0x62dfa5]
V  [jvm.dll+0x31699c]
V  [jvm.dll+0x316822]
V  [jvm.dll+0x31c096]
V  [jvm.dll+0x36842f]
V  [jvm.dll+0x367e50]
V  [jvm.dll+0x2f38b8]
V  [jvm.dll+0x2f4a16]
V  [jvm.dll+0x752da7]
V  [jvm.dll+0x7544ef]
V  [jvm.dll+0x375269]
V  [jvm.dll+0x7394a9]
V  [jvm.dll+0x3e467d]
V  [jvm.dll+0x3e6951]
C  [java.exe+0x3603]
C  [java.exe+0x178dc]
C  [KERNEL32.DLL+0x17bd4]
C  [ntdll.dll+0x6ce51]


---------------  P R O C E S S  ---------------

Threads class SMR info:
_java_thread_list=0x00000144c7535d70, length=0, elements={
}

Java Threads: ( => current thread )

Other Threads:
  0x00000144c771b800 GCTaskThread "GC Thread#0" [stack: 0x0000002e48600000,0x0000002e48700000] [id=2748]
  0x00000144c774e000 ConcurrentGCThread "G1 Main Marker" [stack: 0x0000002e48700000,0x0000002e48800000] [id=3376]
  0x00000144c774f000 ConcurrentGCThread "G1 Conc#0" [stack: 0x0000002e48800000,0x0000002e48900000] [id=1372]

[error occurred during error reporting (printing all threads), id 0xc0000005, EXCEPTION_ACCESS_VIOLATION (0xc0000005) at pc=0x00007ffb73292137]

VM state:not at safepoint (not fully initialized)

VM Mutex/Monitor currently owned by a thread:  ([mutex/lock_event])
[0x00000144c77064f0] Heap_lock - owner thread: 0x00000144c7706800

Heap address: 0x0000000081c00000, size: 2020 MB, Compressed Oops mode: Non-zero based: 0x0000000081c00000
Narrow klass base: 0x0000000000000000, Narrow klass shift: 0

GC Heap History (0 events):
No events

Deoptimization events (0 events):
No events

Classes redefined (0 events):
No events

Internal exceptions (0 events):
No events

Events (0 events):
No events


Dynamic libraries:
0x00007ff771980000 - 0x00007ff7719c7000 	C:\Program Files\Java\jdk-11.0.1\bin\java.exe
0x00007ffbdf940000 - 0x00007ffbdfb30000 	C:\WINDOWS\SYSTEM32\ntdll.dll
0x00007ffbddaa0000 - 0x00007ffbddb52000 	C:\WINDOWS\System32\KERNEL32.DLL
0x00007ffbdcdf0000 - 0x00007ffbdd093000 	C:\WINDOWS\System32\KERNELBASE.dll
0x00007ffbde640000 - 0x00007ffbde6e3000 	C:\WINDOWS\System32\ADVAPI32.dll
0x00007ffbdda00000 - 0x00007ffbdda9e000 	C:\WINDOWS\System32\msvcrt.dll
0x00007ffbdde70000 - 0x00007ffbddf07000 	C:\WINDOWS\System32\sechost.dll
0x00007ffbde520000 - 0x00007ffbde640000 	C:\WINDOWS\System32\RPCRT4.dll
0x00007ffbddf10000 - 0x00007ffbde0a4000 	C:\WINDOWS\System32\USER32.dll
0x00007ffbdcdc0000 - 0x00007ffbdcde1000 	C:\WINDOWS\System32\win32u.dll
0x00007ffbde930000 - 0x00007ffbde956000 	C:\WINDOWS\System32\GDI32.dll
0x00007ffbdc9c0000 - 0x00007ffbdcb54000 	C:\WINDOWS\System32\gdi32full.dll
0x00007ffbdd1a0000 - 0x00007ffbdd23e000 	C:\WINDOWS\System32\msvcp_win.dll
0x00007ffbdd0a0000 - 0x00007ffbdd19a000 	C:\WINDOWS\System32\ucrtbase.dll
0x00007ffbce4e0000 - 0x00007ffbce765000 	C:\WINDOWS\WinSxS\amd64_microsoft.windows.common-controls_6595b64144ccf1df_6.0.18362.778_none_e6c6b761130d4fb8\COMCTL32.dll
0x00007ffbd8630000 - 0x00007ffbd863a000 	C:\WINDOWS\SYSTEM32\VERSION.dll
0x00007ffbdeed0000 - 0x00007ffbdf206000 	C:\WINDOWS\System32\combase.dll
0x00007ffbdc920000 - 0x00007ffbdc9a0000 	C:\WINDOWS\System32\bcryptPrimitives.dll
0x00007ffbdea50000 - 0x00007ffbdea7e000 	C:\WINDOWS\System32\IMM32.DLL
0x00007ffbd7a70000 - 0x00007ffbd7a86000 	C:\Program Files\Java\jdk-11.0.1\bin\vcruntime140.dll
0x00007ffbaa500000 - 0x00007ffbaa5aa000 	C:\Program Files\Java\jdk-11.0.1\bin\msvcp140.dll
0x00007ffb72f90000 - 0x00007ffb73ad2000 	C:\Program Files\Java\jdk-11.0.1\bin\server\jvm.dll
0x00007ffbde770000 - 0x00007ffbde778000 	C:\WINDOWS\System32\PSAPI.DLL
0x00007ffbcc360000 - 0x00007ffbcc369000 	C:\WINDOWS\SYSTEM32\WSOCK32.dll
0x00007ffbd4170000 - 0x00007ffbd4194000 	C:\WINDOWS\SYSTEM32\WINMM.dll
0x00007ffbde960000 - 0x00007ffbde9cf000 	C:\WINDOWS\System32\WS2_32.dll
0x00007ffbd3f30000 - 0x00007ffbd3f5d000 	C:\WINDOWS\SYSTEM32\winmmbase.dll
0x00007ffbdc8d0000 - 0x00007ffbdc91a000 	C:\WINDOWS\System32\cfgmgr32.dll
0x00007ffbdc890000 - 0x00007ffbdc8a1000 	C:\WINDOWS\System32\kernel.appcore.dll
0x00007ffbd39e0000 - 0x00007ffbd39f1000 	C:\Program Files\Java\jdk-11.0.1\bin\verify.dll
0x00007ffbd6790000 - 0x00007ffbd6984000 	C:\WINDOWS\SYSTEM32\DBGHELP.DLL
0x00007ffbd63b0000 - 0x00007ffbd63da000 	C:\WINDOWS\SYSTEM32\dbgcore.DLL
0x00007ffbc1240000 - 0x00007ffbc1269000 	C:\Program Files\Java\jdk-11.0.1\bin\java.dll
0x00007ffbd39c0000 - 0x00007ffbd39d6000 	C:\Program Files\Java\jdk-11.0.1\bin\zip.dll
0x00007ffbd9180000 - 0x00007ffbd918a000 	C:\Program Files\Java\jdk-11.0.1\bin\jimage.dll

dbghelp: loaded successfully - version: 4.0.5 - missing functions: none
symbol engine: initialized successfully - sym options: 0x614 - pdb path: .;C:\Program Files\Java\jdk-11.0.1\bin;C:\WINDOWS\SYSTEM32;C:\WINDOWS\WinSxS\amd64_microsoft.windows.common-controls_6595b64144ccf1df_6.0.18362.778_none_e6c6b761130d4fb8;C:\Program Files\Java\jdk-11.0.1\bin\server

VM Arguments:
jvm_args: -Dclassworlds.conf=C:\Program Files\apache-maven-3.6.3-bin\bin\..\bin\m2.conf -Dmaven.home=C:\Program Files\apache-maven-3.6.3-bin\bin\.. -Dlibrary.jansi.path=C:\Program Files\apache-maven-3.6.3-bin\bin\..\lib\jansi-native -Dmaven.multiModuleProjectDirectory=C:\Users\johar\Desktop\Backend\proman1 
java_command: org.codehaus.plexus.classworlds.launcher.Launcher install -DskipTests
java_class_path (initial): C:\Program Files\apache-maven-3.6.3-bin\bin\..\boot\plexus-classworlds-2.6.0.jar
Launcher Type: SUN_STANDARD

[Global flags]
     intx CICompilerCount                          = 4                                         {product} {ergonomic}
     uint ConcGCThreads                            = 2                                         {product} {ergonomic}
     uint G1ConcRefinementThreads                  = 8                                         {product} {ergonomic}
   size_t G1HeapRegionSize                         = 1048576                                   {product} {ergonomic}
    uintx GCDrainStackTargetSize                   = 64                                        {product} {ergonomic}
   size_t InitialHeapSize                          = 134217728                                 {product} {ergonomic}
   size_t MarkStackSize                            = 4194304                                   {product} {ergonomic}
   size_t MaxHeapSize                              = 2118123520                                {product} {ergonomic}
   size_t MinHeapDeltaBytes                        = 1048576                                   {product} {ergonomic}
    uintx NonNMethodCodeHeapSize                   = 5835340                                {pd product} {ergonomic}
    uintx NonProfiledCodeHeapSize                  = 122911450                              {pd product} {ergonomic}
    uintx ProfiledCodeHeapSize                     = 122911450                              {pd product} {ergonomic}
    uintx ReservedCodeCacheSize                    = 251658240                              {pd product} {ergonomic}
     bool SegmentedCodeCache                       = true                                      {product} {ergonomic}
     bool UseCompressedClassPointers               = true                                 {lp64_product} {ergonomic}
     bool UseCompressedOops                        = true                                 {lp64_product} {ergonomic}
     bool UseG1GC                                  = true                                      {product} {ergonomic}
     bool UseLargePagesIndividualAllocation        = false                                  {pd product} {ergonomic}

Logging:
Log output configuration:
 #0: stdout all=warning uptime,level,tags
 #1: stderr all=off uptime,level,tags

Environment Variables:
JAVA_HOME=C:\Program Files\Java\jdk-11.0.1
PATH=C:\Program Files (x86)\Common Files\Oracle\Java\javapath;C:\Program Files (x86)\Common Files\Intel\Shared Libraries\redist\intel64\compiler;C:\oraclexe\app\oracle\product\11.2.0\server\bin;C:\Program Files (x86)\Common Files\Intel\Shared Libraries\redist\intel64\compiler;C:\Program Files (x86)\Intel\iCLS Client\;C:\Program Files\Intel\iCLS Client\;C:\Windows\system32;C:\Windows;C:\Windows\System32\Wbem;C:\Windows\System32\WindowsPowerShell\v1.0\;C:\Windows\System32\OpenSSH\;C:\Program Files (x86)\Intel\Intel(R) Management Engine Components\DAL;C:\Program Files\Intel\Intel(R) Management Engine Components\DAL;C:\Program Files (x86)\Intel\Intel(R) Management Engine Components\IPT;C:\Program Files\Intel\Intel(R) Management Engine Components\IPT;C:\Program Files\Intel\WiFi\bin\;C:\Program Files\Common Files\Intel\WirelessCommon\;C:\Program Files (x86)\NVIDIA Corporation\PhysX\Common;C:\Android;C:\Users\johar\AppData\Local\Microsoft\WindowsApps;C:\adb;C:\Program Files\Git\cmd;C:\Program Files\NVIDIA Corporation\NVIDIA NvDLISR;C:\Program Files\nodejs\;C:\ProgramData\chocolatey\bin;C:\WINDOWS\system32;C:\WINDOWS;C:\WINDOWS\System32\Wbem;C:\WINDOWS\System32\WindowsPowerShell\v1.0\;C:\WINDOWS\System32\OpenSSH\;C:\Program Files\Java\jdk-11.0.1\bin;C:\Program Files\apache-maven-3.6.3-bin\bin;C:\Program Files\Java\jdk1.8.0_241\bin;C:\Program Files\Java\jdk-11.0.1\bin;C:\Users\johar\AppData\Roaming\npm;C:\Users\johar\AppData\Local\Microsoft\WindowsApps;C:\Users\johar\AppData\Local\Programs\Microsoft VS Code\bin;F:\IntelliJ IDEA Community Edition 2019.1.3\bin;;C:\Program Files\JetBrains\IntelliJ IDEA 2019.3.3\bin;;C:\Program Files\Java\jdk1.8.0_241\bin;
USERNAME=johar
OS=Windows_NT
PROCESSOR_IDENTIFIER=Intel64 Family 6 Model 158 Stepping 9, GenuineIntel



---------------  S Y S T E M  ---------------

OS: Windows 10 , 64 bit Build 18362 (10.0.18362.778)

CPU:total 8 (initial active 8) (4 cores per cpu, 2 threads per core) family 6 model 158 stepping 9, cmov, cx8, fxsr, mmx, sse, sse2, sse3, ssse3, sse4.1, sse4.2, popcnt, avx, avx2, aes, clmul, erms, 3dnowpref, lzcnt, ht, tsc, tscinvbit, bmi1, bmi2, adx, fma

Memory: 4k page, system-wide physical 8075M (1270M free)
TotalPageFile size 12031M (AvailPageFile size 61M)
current process WorkingSet (physical memory assigned to process): 9M, peak: 9M
current process commit charge ("private bytes"): 60M, peak: 188M

vm_info: Java HotSpot(TM) 64-Bit Server VM (11.0.1+13-LTS) for windows-amd64 JRE (11.0.1+13-LTS), built on Oct  6 2018 13:20:16 by "mach5one" with MS VC++ 15.5 (VS2017)

END.
